2020-05-22 17:38:32,114 INFO o.a.j.u.JMeterUtils: Setting Locale to en_EN
2020-05-22 17:38:32,287 INFO o.a.j.JMeter: Loading user properties from: /usr/local/Cellar/jmeter/5.3/libexec/bin/user.properties
2020-05-22 17:38:32,288 INFO o.a.j.JMeter: Loading system properties from: /usr/local/Cellar/jmeter/5.3/libexec/bin/system.properties
2020-05-22 17:38:32,290 INFO o.a.j.JMeter: Copyright (c) 1998-2020 The Apache Software Foundation
2020-05-22 17:38:32,290 INFO o.a.j.JMeter: Version 5.3
2020-05-22 17:38:32,290 INFO o.a.j.JMeter: java.version=14
2020-05-22 17:38:32,290 INFO o.a.j.JMeter: java.vm.name=Java HotSpot(TM) 64-Bit Server VM
2020-05-22 17:38:32,290 INFO o.a.j.JMeter: os.name=Mac OS X
2020-05-22 17:38:32,290 INFO o.a.j.JMeter: os.arch=x86_64
2020-05-22 17:38:32,290 INFO o.a.j.JMeter: os.version=10.15.4
2020-05-22 17:38:32,290 INFO o.a.j.JMeter: file.encoding=UTF-8
2020-05-22 17:38:32,290 INFO o.a.j.JMeter: java.awt.headless=null
2020-05-22 17:38:32,290 INFO o.a.j.JMeter: Max memory     =1073741824
2020-05-22 17:38:32,290 INFO o.a.j.JMeter: Available Processors =12
2020-05-22 17:38:32,302 INFO o.a.j.JMeter: Default Locale=English (EN)
2020-05-22 17:38:32,302 INFO o.a.j.JMeter: JMeter  Locale=English (EN)
2020-05-22 17:38:32,303 INFO o.a.j.JMeter: JMeterHome=/usr/local/Cellar/jmeter/5.3/libexec
2020-05-22 17:38:32,303 INFO o.a.j.JMeter: user.dir  =/Users/ionantha/Demo/qiankun
2020-05-22 17:38:32,303 INFO o.a.j.JMeter: PWD       =/Users/ionantha/Demo/qiankun
2020-05-22 17:38:32,304 INFO o.a.j.JMeter: IP: 127.0.0.1 Name: ionantha.local FullName: localhost
2020-05-22 17:38:33,708 INFO o.a.j.JMeter: Setting LAF to: com.github.weisj.darklaf.DarkLaf:com.github.weisj.darklaf.theme.DarculaTheme
2020-05-22 17:38:37,631 INFO o.a.j.JMeter: Loaded icon properties from org/apache/jmeter/images/icon.properties
2020-05-22 17:38:38,915 INFO o.j.r.JARSourceHTTP: Requesting https://jmeter-plugins.org/repo/?installID=mac_os_x-b987f3f13b85a5a4c3ad9c3c8f795899-gui
2020-05-22 17:38:42,026 INFO o.j.r.PluginManager: Plugins Status: [jpgc-plugins-manager=1.3, jmeter-core=5.3, jmeter-ftp=5.3, jmeter-http=5.3, jmeter-jdbc=5.3, jmeter-jms=5.3, jmeter-junit=5.3, jmeter-java=5.3, jmeter-ldap=5.3, jmeter-mail=5.3, jmeter-mongodb=5.3, jmeter-native=5.3, jmeter-tcp=5.3, jmeter-components=5.3]
2020-05-22 17:38:42,028 INFO o.j.r.PluginManagerMenuItem: Plugins Manager has upgrades: [jpgc-plugins-manager]
2020-05-22 17:38:51,592 INFO o.a.j.s.FileServer: Default base='/Users/ionantha/Demo/qiankun'
